C51 COMPILER V9.01   MAIN                                                                  06/01/2018 14:55:44 PAGE 1   


C51 COMPILER V9.01, COMPILATION OF MODULE MAIN
OBJECT MODULE PLACED IN main.OBJ
COMPILER INVOKED BY: D:\Keil\C51\BIN\C51.EXE main.c BROWSE DEBUG OBJECTEXTEND

line level    source

   1          /*****************HJ-2WD舵机控制*****************
   2          *  平台：慧净飞卡51小车 + Keil U4 + STC89C52RC
   3          *  程序名称：智能小车巡黑线源程序(舵机转弯)
   4          *  公司：慧净电子
   5          *  淘宝：https://shop37031453.taobao.com/  
   6          *  网站：www.hjmcu.com  
   7          *  晶振:11.0592MHZ
   8          *  售后技术说明：免费开源，不支持客户自己修改程序分析与改正
   9          *  视频教程：本小车配套学习C语言详细视频教程，资料统一网盘下载
  10          ******************************************************************/
  11          //按下K4(S4)按键，1秒左右启电小车（注意不要接入测速模块）
  12          //按下复位健可以停止小车        
  13          //注意程序只做参考之用，要达到最理想的寻迹效果，还需要同学们细心调试。
  14          //注意：电机是走不了直线的，需要同学位细心调试PWM 使两边电机转速达到平衡。
  15          
  16          #include<AT89X52.H>               //包含51单片机头文件，内部有各种寄存器定义
  17          #include<HJ-2WD_PWM_FK.H>                 //飞卡小车专用头文件
  18          #include<SMG.H>
  19          #include<INFRARED.H>
  20          #define uchar unsigned char
  21          #define uint  unsigned int
  22          sbit LATCH1=P2^6;//定义锁存使能端口 段锁存
  23          sbit LATCH2=P2^7;//                 位锁存
  24          sbit KEY1=P0^2; //按下为0
  25          sbit KEY2=P0^3;
  26          sbit LED_2=P0^7;//灯亮为0
  27          sbit LED_1=P0^6;
  28          sbit LCD1602=P2^5;
  29          unsigned char n,count,angle;//距离标志位，0.5ms次数，角度标识
  30          unsigned int a,num;
  31          unsigned char infrared_data;//定义红外接收数据； 
  32          uchar i,flag;
  33          void DelayUs2x(uchar t)
  34          {   
  35   1              while(--t);
  36   1      }
  37          void DelayMs(uchar t)
  38          {
  39   1              while(t--)
  40   1              {
  41   2                  //大致延时1mS       
  42   2                      DelayUs2x(245);
  43   2                  DelayUs2x(245);
  44   2              }
  45   1      }
  46          
  47          /*------------------------------------------------
  48                              定时器01初始化
  49          //定时器1工作方式1 (舵机 )，定时器0 电机PWM调速控制信号
  50          ------------------------------------------------*/
  51          void Time1_Int() interrupt 3//舵机
  52          {
  53   1              TH1=0xff;
  54   1              TL1=0xa3;
  55   1              if(count<angle)//判断0.5ms次数是否小于角度标识
C51 COMPILER V9.01   MAIN                                                                  06/01/2018 14:55:44 PAGE 2   

  56   1          pwm=1;//确实小于，pwm输出高电平
  57   1          else
  58   1          pwm=0;//大于则输出低电平
  59   1              count=(count+1);//0.5ms次数加1
  60   1              count=count%40;//次数始终保持为40即保持周期为20ms
  61   1      }
  62          void Time0_Init(){
  63   1                              TMOD=0X21;
  64   1                      TH0= 0XFc;                //1ms定时
  65   1                      TL0= 0X18;
  66   1                      TR0= 1;
  67   1                      ET0= 1;
  68   1                      EA = 1;
  69   1      
  70   1                              TH1=0xff;
  71   1                      TL1=0xa3;
  72   1                              ET1=1;
  73   1                              TR1= 1;
  74   1      }
  75          void GetSignal(uchar led){
  76   1              stop(); 
  77   1              while(1){
  78   2                      if(LED_1==0||LED_2==0){
  79   3                              break ;
  80   3                      }
  81   2              }  
  82   1      }
*** WARNING C280 IN LINE 75 OF MAIN.C: 'led': unreferenced local variable
  83          void SendSignal(unsigned char key){
  84   1      unsigned char i=0;
  85   1      for(i=0;i<200;i++){
  86   2               switch(key) {
  87   3                      case 0x01: KEY1=0; break;
  88   3                      case 0x02: KEY2=0; break;
  89   3                      default:break;
  90   3               }
  91   2               }
  92   1      KEY1=1;
  93   1      KEY2=1;
  94   1      }
  95          void GoCar(void) {
  96   1              long timecount=2500;
  97   1              while(timecount--){
  98   2              run(8);
  99   2              }
 100   1                      
 101   1              timecount=1050;
 102   1              while(timecount--){
 103   2                      leftrun(8);
 104   2              }
 105   1              timecount=9600;
 106   1              while(timecount--){
 107   2                      run(8);
 108   2              }
 109   1              timecount=1500;
 110   1              while(timecount--){
 111   2                      leftrun(8);
 112   2              }
 113   1      }
 114          void Turn90(){
 115   1      long timecount=0;
 116   1      
C51 COMPILER V9.01   MAIN                                                                  06/01/2018 14:55:44 PAGE 3   

 117   1              timecount=3000;
 118   1              while(timecount--){
 119   2              leftrun(8);
 120   2              }
 121   1      }
 122          void control(unsigned char num){
 123   1              switch(num%16){
 124   2                      case 5:{
 125   3                              Turn90();
 126   3                      } break;
 127   2              }
 128   1      }
 129          
 130          
 131          void StopCar(unsigned char choose) {
 132   1              long timecount=0;
 133   1              if(choose==0x01){
 134   2                  timecount=3600;
 135   2                      while(timecount--){
 136   3                      run(8);
 137   3                      }
 138   2                              
 139   2                      timecount=1850;
 140   2                      while(timecount--){
 141   3                              leftrun(8);
 142   3                      }
 143   2                      timecount=5900;
 144   2                      while(timecount--){
 145   3                              run(8);
 146   3                      }
 147   2                      timecount=1500;
 148   2                      while(timecount--){
 149   3                              leftrun(8);
 150   3                      }
 151   2                      
 152   2                      timecount=4200;
 153   2                      while(timecount--){
 154   3                              run(8);
 155   3                      }
 156   2                      timecount=3100;
 157   2                      while(timecount--){
 158   3                              rightrun(8);
 159   3                      }
 160   2              }
 161   1              else if(choose==0x02){
 162   2                  timecount=2500;
 163   2                      while(timecount--){
 164   3                              rightrun(8);
 165   3                      }
 166   2                      timecount=5900;
 167   2                      while(timecount--){
 168   3                              run(8);
 169   3                      }
 170   2                      timecount=2000;
 171   2                      while(timecount--){
 172   3                              leftrun(8);
 173   3                      }
 174   2                      timecount=5200;
 175   2                      while(timecount--){
 176   3                              run(8);
 177   3                      }
 178   2                      
C51 COMPILER V9.01   MAIN                                                                  06/01/2018 14:55:44 PAGE 4   

 179   2                      timecount=2100;
 180   2                      while(timecount--){
 181   3                              leftrun(8);
 182   3                      }
 183   2              }
 184   1      }
 185          //主函数
 186                  void main(void)
 187          {
 188   1      long timecount=0;
 189   1      long stoptime=0;
 190   1      unsigned char circle=0;
 191   1      unsigned char flag;
 192   1      unsigned char speed=8;
 193   1          P0=0X00; //关数码管
 194   1              P1=0xF0;
 195   1                LCD1602=0;
 196   1                P0=0xfe; //取位码 第一位数码管选通，即二进制1111 1110
 197   1        LATCH2=1;      //位锁存
 198   1        LATCH2=0;
 199   1        num=0;
 200   1        a=1;
 201   1        showsmg(num);
 202   1      //本实验学习的按键启动知识          
 203   1      B:              for(i=0;i<50;i++) //判断K4(S4)是否按下
 204   1                      {
 205   2                         delay(1);    //1ms内判断50次，如果其中有一次被判断到K4(S4)没按下，便重新检测
 206   2                         if(P3_7!=0)//当K4(S4)按下时，启动小车前进. P2.7
 207   2                                      goto B; //跳转到标号B，重新检测  
 208   2                      } 
 209   1      //本实验学习的知识蜂鸣器，注意要在HJ-2WD_FK头文件里定义IO口
 210   1                   BUZZ=0;    //50次检测S4确认是按下之后，蜂鸣器发出“滴”声响，然后启动小车。
 211   1                   delay(10);
 212   1                   BUZZ=1;//响50ms后关闭蜂鸣器
 213   1      
 214   1                                 //开总中断
 215   1                      Time0_Init();
 216   1      
 217   1                              
 218   1      
 219   1              while(1)        //无限循环
 220   1              { 
 221   2               
 222   2                               //有信号为0  没有信号为1
 223   2              if(Left_1_led==0&&Right_1_led==0)
 224   2      
 225   2                                {
 226   3                                 run(speed);   //调用前进函数
 227   3                                 run(speed);
 228   3                                 flag=1;
 229   3                                }
 230   2                                                        
 231   2                                if(Left_1_led==0&&Right_1_led==1)         //左边检测到黑线
 232   2                                {                                      
 233   3                                 rightrun(speed);                //调用小车右转       函数
 234   3                                 }
 235   2                                 
 236   2                                 if(Right_1_led==0&&Left_1_led==1)            //右边检测到黑线
 237   2                                {                                         
 238   3                                              leftrun(speed);           //调用小车左转  函数
 239   3                                 }
 240   2                                 if(Right_1_led==1&&Left_1_led==1)              
C51 COMPILER V9.01   MAIN                                                                  06/01/2018 14:55:44 PAGE 5   

 241   2                                {
 242   3                                        run(speed);
 243   3                                        DelayMs(10);
 244   3                                        if(flag!=0){
 245   4                                              num++;
 246   4                                              showsmg(num);
 247   4                                              SendSignal(0x01);
 248   4                                        }
 249   3                                        flag=0;
 250   3                                      if(num%8==2||num%8==6){
 251   4                                              timecount=300;
 252   4                                                      while(timecount--){
 253   5                                                      run(8);
 254   5                                              }
 255   4                                              Turn90();
 256   4                                              GoByBlack(8,7000);
 257   4                                              GetSignal();
*** WARNING C209 IN LINE 257 OF MAIN.C: '_GetSignal': too few actual parameters
 258   4                                              
 259   4                                      }
 260   3                                      if(num%8==3||num%8==7){
 261   4                                              Turn90();
 262   4                                      }
 263   3                                                                 
 264   3                                 }                                     
 265   2                }
 266   1      }


MODULE INFORMATION:   STATIC OVERLAYABLE
   CODE SIZE        =   1548    ----
   CONSTANT SIZE    =     17    ----
   XDATA SIZE       =   ----    ----
   PDATA SIZE       =   ----    ----
   DATA SIZE        =     60      28
   IDATA SIZE       =   ----    ----
   BIT SIZE         =      5    ----
END OF MODULE INFORMATION.


C51 COMPILATION COMPLETE.  2 WARNING(S),  0 ERROR(S)
